c:\users\sounghoo12\desktop\취미용\opengl_paint_tool\painttool\painttool\release\vc140.pdb
c:\users\sounghoo12\desktop\취미용\opengl_paint_tool\painttool\painttool\release\vector.obj
c:\users\sounghoo12\desktop\취미용\opengl_paint_tool\painttool\painttool\release\object.obj
c:\users\sounghoo12\desktop\취미용\opengl_paint_tool\painttool\painttool\release\main.obj
c:\users\sounghoo12\desktop\취미용\opengl_paint_tool\painttool\painttool\release\gridmap.obj
c:\users\sounghoo12\desktop\취미용\opengl_paint_tool\painttool\painttool\release\drawing.obj
c:\users\sounghoo12\desktop\취미용\opengl_paint_tool\painttool\painttool\release\color.obj
c:\users\문\desktop\painttool\painttool\release\painttool.exe
c:\users\문\desktop\painttool\painttool\release\painttool.ipdb
c:\users\문\desktop\painttool\painttool\release\painttool.iobj
c:\users\문\desktop\painttool\painttool\release\painttool.pdb
c:\users\문\desktop\painttool\painttool\painttool\release\opengl_paint_tool.res
c:\users\sounghoo12\desktop\취미용\opengl_paint_tool\painttool\painttool\release\opengl_paint_tool.res
c:\users\sounghoo12\desktop\취미용\opengl_paint_tool\painttool\painttool\release\layer.obj
c:\users\sounghoo12\desktop\취미용\opengl_paint_tool\painttool\release\painttool.pdb
c:\users\sounghoo12\desktop\취미용\opengl_paint_tool\painttool\painttool\release\painttool.tlog\cl.command.1.tlog
c:\users\sounghoo12\desktop\취미용\opengl_paint_tool\painttool\painttool\release\painttool.tlog\cl.read.1.tlog
c:\users\sounghoo12\desktop\취미용\opengl_paint_tool\painttool\painttool\release\painttool.tlog\cl.write.1.tlog
c:\users\sounghoo12\desktop\취미용\opengl_paint_tool\painttool\painttool\release\painttool.tlog\link.command.1.tlog
c:\users\sounghoo12\desktop\취미용\opengl_paint_tool\painttool\painttool\release\painttool.tlog\link.read.1.tlog
c:\users\sounghoo12\desktop\취미용\opengl_paint_tool\painttool\painttool\release\painttool.tlog\link.write.1.tlog
c:\users\sounghoo12\desktop\취미용\opengl_paint_tool\painttool\painttool\release\painttool.tlog\rc.command.1.tlog
c:\users\sounghoo12\desktop\취미용\opengl_paint_tool\painttool\painttool\release\painttool.tlog\rc.read.1.tlog
c:\users\sounghoo12\desktop\취미용\opengl_paint_tool\painttool\painttool\release\painttool.tlog\rc.write.1.tlog
